[Exception]: возникла ошибка:
[Exception]: текст: {"error":{"error_code":911,"error_msg":"Keyboard format is invalid: inline property should be boolean","request_params":[{"key":"method","value":"messages.send"},{"key":"oauth","value":"1"},{"key":"peer_id","value":"376299417"},{"key":"keyboard","value":"{\"one_time\":false,\"buttons\":[],\"inline\":[[[\"text\",{\"command\":\"cases_strange1\"},\"\ud83d\udd12 \u041e\u0442\u043a\u0440\u044b\u0442\u044c 1 \ud83e\uddea \u0421\u0442\u0440\u0430\u043d\u043d\u044b\u0439 \u043a\u043b\u044e\u0447\",\"white\"]],[[\"text\",{\"command\":\"cases_strange50\"},\"\ud83d\udd12 \u041e\u0442\u043a\u0440\u044b\u0442\u044c 50 \ud83e\uddea \u0421\u0442\u0440\u0430\u043d\u043d\u044b\u0445 \u043a\u043b\u044e\u0447\u0435\u0439\",\"white\"]],[[\"text\",{\"command\":\"cases_strange500\"},\"\ud83d\udd12 \u041e\u0442\u043a\u0440\u044b\u0442\u044c 500 \ud83e\uddea \u0421\u0442\u0440\u0430\u043d\u043d\u044b\u0445 \u043a\u043b\u044e\u0447\u0435\u0439\",\"white\"]],[[\"text\",{\"command\":\"cases\"},\"\u041d\u0430\u0437\u0430\u0434\",\"green\"]],[[\"text\",{\"command\":\"menu\"},\"\u041c\u0435\u043d\u044e\",\"blue\"]]]}"},{"key":"v","value":"5.103"},{"key":"random_id","value":"-836823845"}]}}
[Exception]: код ошибки: 911
[Exception]: файл: /storage/ssd4/477/13772477/public_html/simplevk-master/src/vk_api.php:223
[Exception]: путь ошибки: #0 /storage/ssd4/477/13772477/public_html/simplevk-master/src/vk_api.php(420): DigitalStar\vk_api\vk_api->request('messages.send', Array)
#1 /storage/ssd4/477/13772477/public_html/bot.php(2734): DigitalStar\vk_api\vk_api->sendButton(376299417, ' \xF0\x9F\x93\xA6 \xD0\x92\xD1\x8B\xD0\xB8\xD0\xB3\xD1...', ' \xE2\x9C\x85 @id3762994...', Array)
#2 {main}
[Exception]: возникла ошибка:
[Exception]: текст: {"error":{"error_code":911,"error_msg":"Keyboard format is invalid: inline property should be boolean","request_params":[{"key":"method","value":"messages.send"},{"key":"oauth","value":"1"},{"key":"peer_id","value":"376299417"},{"key":"keyboard","value":"{\"one_time\":false,\"buttons\":[],\"inline\":[[[\"text\",{\"command\":\"cases_strange1\"},\"\ud83d\udd12 \u041e\u0442\u043a\u0440\u044b\u0442\u044c 1 \ud83e\uddea \u0421\u0442\u0440\u0430\u043d\u043d\u044b\u0439 \u043a\u043b\u044e\u0447\",\"white\"]],[[\"text\",{\"command\":\"cases_strange50\"},\"\ud83d\udd12 \u041e\u0442\u043a\u0440\u044b\u0442\u044c 50 \ud83e\uddea \u0421\u0442\u0440\u0430\u043d\u043d\u044b\u0445 \u043a\u043b\u044e\u0447\u0435\u0439\",\"white\"]],[[\"text\",{\"command\":\"cases_strange500\"},\"\ud83d\udd12 \u041e\u0442\u043a\u0440\u044b\u0442\u044c 500 \ud83e\uddea \u0421\u0442\u0440\u0430\u043d\u043d\u044b\u0445 \u043a\u043b\u044e\u0447\u0435\u0439\",\"white\"]],[[\"text\",{\"command\":\"cases\"},\"\u041d\u0430\u0437\u0430\u0434\",\"green\"]],[[\"text\",{\"command\":\"menu\"},\"\u041c\u0435\u043d\u044e\",\"blue\"]]]}"},{"key":"v","value":"5.103"},{"key":"random_id","value":"1416346149"}]}}
[Exception]: код ошибки: 911
[Exception]: файл: /storage/ssd4/477/13772477/public_html/simplevk-master/src/vk_api.php:223
[Exception]: путь ошибки: #0 /storage/ssd4/477/13772477/public_html/simplevk-master/src/vk_api.php(420): DigitalStar\vk_api\vk_api->request('messages.send', Array)
#1 /storage/ssd4/477/13772477/public_html/bot.php(2734): DigitalStar\vk_api\vk_api->sendButton(376299417, ' \xF0\x9F\x93\xA6 \xD0\x92\xD1\x8B\xD0\xB8\xD0\xB3\xD1...', ' \xE2\x9C\x85 @id3762994...', Array)
#2 {main}
[Exception]: возникла ошибка:
[Exception]: текст: {"error":{"error_code":911,"error_msg":"Keyboard format is invalid: inline property should be boolean","request_params":[{"key":"method","value":"messages.send"},{"key":"oauth","value":"1"},{"key":"peer_id","value":"376299417"},{"key":"keyboard","value":"{\"one_time\":false,\"buttons\":[],\"inline\":[[[\"text\",{\"command\":\"cases_strange1\"},\"\ud83d\udd12 \u041e\u0442\u043a\u0440\u044b\u0442\u044c 1 \ud83e\uddea \u0421\u0442\u0440\u0430\u043d\u043d\u044b\u0439 \u043a\u043b\u044e\u0447\",\"white\"]],[[\"text\",{\"command\":\"cases_strange50\"},\"\ud83d\udd12 \u041e\u0442\u043a\u0440\u044b\u0442\u044c 50 \ud83e\uddea \u0421\u0442\u0440\u0430\u043d\u043d\u044b\u0445 \u043a\u043b\u044e\u0447\u0435\u0439\",\"white\"]],[[\"text\",{\"command\":\"cases_strange500\"},\"\ud83d\udd12 \u041e\u0442\u043a\u0440\u044b\u0442\u044c 500 \ud83e\uddea \u0421\u0442\u0440\u0430\u043d\u043d\u044b\u0445 \u043a\u043b\u044e\u0447\u0435\u0439\",\"white\"]],[[\"text\",{\"command\":\"cases\"},\"\u041d\u0430\u0437\u0430\u0434\",\"green\"]],[[\"text\",{\"command\":\"menu\"},\"\u041c\u0435\u043d\u044e\",\"blue\"]]]}"},{"key":"v","value":"5.103"},{"key":"random_id","value":"-1680781499"}]}}
[Exception]: код ошибки: 911
[Exception]: файл: /storage/ssd4/477/13772477/public_html/simplevk-master/src/vk_api.php:223
[Exception]: путь ошибки: #0 /storage/ssd4/477/13772477/public_html/simplevk-master/src/vk_api.php(420): DigitalStar\vk_api\vk_api->request('messages.send', Array)
#1 /storage/ssd4/477/13772477/public_html/bot.php(2734): DigitalStar\vk_api\vk_api->sendButton(376299417, ' \xE2\x9C\x85 @id3762994...', ' \xF0\x9F\x93\xA6 \xD0\x92\xD1\x8B\xD0\xB8\xD0\xB3\xD1...', Array)
#2 {main}
