[Exception]: возникла ошибка:
[Exception]: текст: {"error":{"error_code":914,"error_msg":"Message is too long","request_params":[{"key":"method","value":"messages.send"},{"key":"oauth","value":"1"},{"key":"peer_id","value":"376299417"},{"key":"keyboard","value":"{\"one_time\":false,\"buttons\":[[{\"action\":{\"type\":\"text\",\"payload\":\"{\\\"command\\\":\\\"cases_strange1\\\"}\",\"label\":\"\ud83d\udd12 \u041e\u0442\u043a\u0440\u044b\u0442\u044c 1 \ud83e\uddea \u0421\u0442\u0440\u0430\u043d\u043d\u044b\u0439 \u043a\u043b\u044e\u0447\"},\"color\":\"default\"}],[{\"action\":{\"type\":\"text\",\"payload\":\"{\\\"command\\\":\\\"cases_strange50\\\"}\",\"label\":\"\ud83d\udd12 \u041e\u0442\u043a\u0440\u044b\u0442\u044c 50 \ud83e\uddea \u0421\u0442\u0440\u0430\u043d\u043d\u044b\u0445 \u043a\u043b\u044e\u0447\u0435\u0439\"},\"color\":\"default\"}],[{\"action\":{\"type\":\"text\",\"payload\":\"{\\\"command\\\":\\\"cases_strange500\\\"}\",\"label\":\"\ud83d\udd12 \u041e\u0442\u043a\u0440\u044b\u0442\u044c 500 \ud83e\uddea \u0421\u0442\u0440\u0430\u043d\u043d\u044b\u0445 \u043a\u043b\u044e\u0447\u0435\u0439\"},\"color\":\"default\"}],[{\"action\":{\"type\":\"text\",\"payload\":\"{\\\"command\\\":\\\"cases\\\"}\",\"label\":\"\u041d\u0430\u0437\u0430\u0434\"},\"color\":\"positive\"}],[{\"action\":{\"type\":\"text\",\"payload\":\"{\\\"command\\\":\\\"menu\\\"}\",\"label\":\"\u041c\u0435\u043d\u044e\"},\"color\":\"primary\"}]],\"inline\":false}"},{"key":"v","value":"5.103"},{"key":"random_id","value":"1281871700"}]}}
[Exception]: код ошибки: 914
[Exception]: файл: /storage/ssd4/477/13772477/public_html/simplevk-master/src/vk_api.php:223
[Exception]: путь ошибки: #0 /storage/ssd4/477/13772477/public_html/simplevk-master/src/vk_api.php(420): DigitalStar\vk_api\vk_api->request('messages.send', Array)
#1 /storage/ssd4/477/13772477/public_html/bot.php(2741): DigitalStar\vk_api\vk_api->sendButton(376299417, ' \xE2\x9C\x85 @id3762994...', Array)
#2 {main}
[Exception]: возникла ошибка:
[Exception]: текст: {"error":{"error_code":914,"error_msg":"Message is too long","request_params":[{"key":"method","value":"messages.send"},{"key":"oauth","value":"1"},{"key":"peer_id","value":"376299417"},{"key":"keyboard","value":"{\"one_time\":false,\"buttons\":[[{\"action\":{\"type\":\"text\",\"payload\":\"{\\\"command\\\":\\\"cases_strange1\\\"}\",\"label\":\"\ud83d\udd12 \u041e\u0442\u043a\u0440\u044b\u0442\u044c 1 \ud83e\uddea \u0421\u0442\u0440\u0430\u043d\u043d\u044b\u0439 \u043a\u043b\u044e\u0447\"},\"color\":\"default\"}],[{\"action\":{\"type\":\"text\",\"payload\":\"{\\\"command\\\":\\\"cases_strange50\\\"}\",\"label\":\"\ud83d\udd12 \u041e\u0442\u043a\u0440\u044b\u0442\u044c 50 \ud83e\uddea \u0421\u0442\u0440\u0430\u043d\u043d\u044b\u0445 \u043a\u043b\u044e\u0447\u0435\u0439\"},\"color\":\"default\"}],[{\"action\":{\"type\":\"text\",\"payload\":\"{\\\"command\\\":\\\"cases_strange500\\\"}\",\"label\":\"\ud83d\udd12 \u041e\u0442\u043a\u0440\u044b\u0442\u044c 500 \ud83e\uddea \u0421\u0442\u0440\u0430\u043d\u043d\u044b\u0445 \u043a\u043b\u044e\u0447\u0435\u0439\"},\"color\":\"default\"}],[{\"action\":{\"type\":\"text\",\"payload\":\"{\\\"command\\\":\\\"cases\\\"}\",\"label\":\"\u041d\u0430\u0437\u0430\u0434\"},\"color\":\"positive\"}],[{\"action\":{\"type\":\"text\",\"payload\":\"{\\\"command\\\":\\\"menu\\\"}\",\"label\":\"\u041c\u0435\u043d\u044e\"},\"color\":\"primary\"}]],\"inline\":false}"},{"key":"v","value":"5.103"},{"key":"random_id","value":"-1781701441"}]}}
[Exception]: код ошибки: 914
[Exception]: файл: /storage/ssd4/477/13772477/public_html/simplevk-master/src/vk_api.php:223
[Exception]: путь ошибки: #0 /storage/ssd4/477/13772477/public_html/simplevk-master/src/vk_api.php(420): DigitalStar\vk_api\vk_api->request('messages.send', Array)
#1 /storage/ssd4/477/13772477/public_html/bot.php(2742): DigitalStar\vk_api\vk_api->sendButton(376299417, ' \xE2\x9C\x85 @id3762994...', Array)
#2 {main}
[Exception]: возникла ошибка:
[Exception]: текст: {"error":{"error_code":914,"error_msg":"Message is too long","request_params":[{"key":"method","value":"messages.send"},{"key":"oauth","value":"1"},{"key":"peer_id","value":"376299417"},{"key":"keyboard","value":"{\"one_time\":false,\"buttons\":[[{\"action\":{\"type\":\"text\",\"payload\":\"{\\\"command\\\":\\\"cases_strange1\\\"}\",\"label\":\"\ud83d\udd12 \u041e\u0442\u043a\u0440\u044b\u0442\u044c 1 \ud83e\uddea \u0421\u0442\u0440\u0430\u043d\u043d\u044b\u0439 \u043a\u043b\u044e\u0447\"},\"color\":\"default\"}],[{\"action\":{\"type\":\"text\",\"payload\":\"{\\\"command\\\":\\\"cases_strange50\\\"}\",\"label\":\"\ud83d\udd12 \u041e\u0442\u043a\u0440\u044b\u0442\u044c 50 \ud83e\uddea \u0421\u0442\u0440\u0430\u043d\u043d\u044b\u0445 \u043a\u043b\u044e\u0447\u0435\u0439\"},\"color\":\"default\"}],[{\"action\":{\"type\":\"text\",\"payload\":\"{\\\"command\\\":\\\"cases_strange500\\\"}\",\"label\":\"\ud83d\udd12 \u041e\u0442\u043a\u0440\u044b\u0442\u044c 500 \ud83e\uddea \u0421\u0442\u0440\u0430\u043d\u043d\u044b\u0445 \u043a\u043b\u044e\u0447\u0435\u0439\"},\"color\":\"default\"}],[{\"action\":{\"type\":\"text\",\"payload\":\"{\\\"command\\\":\\\"cases\\\"}\",\"label\":\"\u041d\u0430\u0437\u0430\u0434\"},\"color\":\"positive\"}],[{\"action\":{\"type\":\"text\",\"payload\":\"{\\\"command\\\":\\\"menu\\\"}\",\"label\":\"\u041c\u0435\u043d\u044e\"},\"color\":\"primary\"}]],\"inline\":false}"},{"key":"v","value":"5.103"},{"key":"random_id","value":"-784082370"}]}}
[Exception]: код ошибки: 914
[Exception]: файл: /storage/ssd4/477/13772477/public_html/simplevk-master/src/vk_api.php:223
[Exception]: путь ошибки: #0 /storage/ssd4/477/13772477/public_html/simplevk-master/src/vk_api.php(420): DigitalStar\vk_api\vk_api->request('messages.send', Array)
#1 /storage/ssd4/477/13772477/public_html/bot.php(2742): DigitalStar\vk_api\vk_api->sendButton(376299417, ' \xE2\x9C\x85 @id3762994...', Array)
#2 {main}
[Exception]: возникла ошибка:
[Exception]: текст: {"error":{"error_code":914,"error_msg":"Message is too long","request_params":[{"key":"method","value":"messages.send"},{"key":"oauth","value":"1"},{"key":"peer_id","value":"376299417"},{"key":"keyboard","value":"{\"one_time\":false,\"buttons\":[[{\"action\":{\"type\":\"text\",\"payload\":\"{\\\"command\\\":\\\"cases_strange1\\\"}\",\"label\":\"\ud83d\udd12 \u041e\u0442\u043a\u0440\u044b\u0442\u044c 1 \ud83e\uddea \u0421\u0442\u0440\u0430\u043d\u043d\u044b\u0439 \u043a\u043b\u044e\u0447\"},\"color\":\"default\"}],[{\"action\":{\"type\":\"text\",\"payload\":\"{\\\"command\\\":\\\"cases_strange50\\\"}\",\"label\":\"\ud83d\udd12 \u041e\u0442\u043a\u0440\u044b\u0442\u044c 50 \ud83e\uddea \u0421\u0442\u0440\u0430\u043d\u043d\u044b\u0445 \u043a\u043b\u044e\u0447\u0435\u0439\"},\"color\":\"default\"}],[{\"action\":{\"type\":\"text\",\"payload\":\"{\\\"command\\\":\\\"cases_strange500\\\"}\",\"label\":\"\ud83d\udd12 \u041e\u0442\u043a\u0440\u044b\u0442\u044c 500 \ud83e\uddea \u0421\u0442\u0440\u0430\u043d\u043d\u044b\u0445 \u043a\u043b\u044e\u0447\u0435\u0439\"},\"color\":\"default\"}],[{\"action\":{\"type\":\"text\",\"payload\":\"{\\\"command\\\":\\\"cases\\\"}\",\"label\":\"\u041d\u0430\u0437\u0430\u0434\"},\"color\":\"positive\"}],[{\"action\":{\"type\":\"text\",\"payload\":\"{\\\"command\\\":\\\"menu\\\"}\",\"label\":\"\u041c\u0435\u043d\u044e\"},\"color\":\"primary\"}]],\"inline\":false}"},{"key":"v","value":"5.103"},{"key":"random_id","value":"901695087"}]}}
[Exception]: код ошибки: 914
[Exception]: файл: /storage/ssd4/477/13772477/public_html/simplevk-master/src/vk_api.php:223
[Exception]: путь ошибки: #0 /storage/ssd4/477/13772477/public_html/simplevk-master/src/vk_api.php(420): DigitalStar\vk_api\vk_api->request('messages.send', Array)
#1 /storage/ssd4/477/13772477/public_html/bot.php(2742): DigitalStar\vk_api\vk_api->sendButton(376299417, ' \xE2\x9C\x85 @id3762994...', Array)
#2 {main}
[Exception]: возникла ошибка:
[Exception]: текст: {"error":{"error_code":914,"error_msg":"Message is too long","request_params":[{"key":"method","value":"messages.send"},{"key":"oauth","value":"1"},{"key":"peer_id","value":"376299417"},{"key":"keyboard","value":"{\"one_time\":false,\"buttons\":[[{\"action\":{\"type\":\"text\",\"payload\":\"{\\\"command\\\":\\\"cases_strange1\\\"}\",\"label\":\"\ud83d\udd12 \u041e\u0442\u043a\u0440\u044b\u0442\u044c 1 \ud83e\uddea \u0421\u0442\u0440\u0430\u043d\u043d\u044b\u0439 \u043a\u043b\u044e\u0447\"},\"color\":\"default\"}],[{\"action\":{\"type\":\"text\",\"payload\":\"{\\\"command\\\":\\\"cases_strange50\\\"}\",\"label\":\"\ud83d\udd12 \u041e\u0442\u043a\u0440\u044b\u0442\u044c 50 \ud83e\uddea \u0421\u0442\u0440\u0430\u043d\u043d\u044b\u0445 \u043a\u043b\u044e\u0447\u0435\u0439\"},\"color\":\"default\"}],[{\"action\":{\"type\":\"text\",\"payload\":\"{\\\"command\\\":\\\"cases_strange500\\\"}\",\"label\":\"\ud83d\udd12 \u041e\u0442\u043a\u0440\u044b\u0442\u044c 500 \ud83e\uddea \u0421\u0442\u0440\u0430\u043d\u043d\u044b\u0445 \u043a\u043b\u044e\u0447\u0435\u0439\"},\"color\":\"default\"}],[{\"action\":{\"type\":\"text\",\"payload\":\"{\\\"command\\\":\\\"cases\\\"}\",\"label\":\"\u041d\u0430\u0437\u0430\u0434\"},\"color\":\"positive\"}],[{\"action\":{\"type\":\"text\",\"payload\":\"{\\\"command\\\":\\\"menu\\\"}\",\"label\":\"\u041c\u0435\u043d\u044e\"},\"color\":\"primary\"}]],\"inline\":false}"},{"key":"v","value":"5.103"},{"key":"random_id","value":"1108676818"}]}}
[Exception]: код ошибки: 914
[Exception]: файл: /storage/ssd4/477/13772477/public_html/simplevk-master/src/vk_api.php:223
[Exception]: путь ошибки: #0 /storage/ssd4/477/13772477/public_html/simplevk-master/src/vk_api.php(420): DigitalStar\vk_api\vk_api->request('messages.send', Array)
#1 /storage/ssd4/477/13772477/public_html/bot.php(2742): DigitalStar\vk_api\vk_api->sendButton(376299417, ' \xE2\x9C\x85 @id3762994...', Array)
#2 {main}
[Exception]: возникла ошибка:
[Exception]: текст: {"error":{"error_code":914,"error_msg":"Message is too long","request_params":[{"key":"method","value":"messages.send"},{"key":"oauth","value":"1"},{"key":"peer_id","value":"376299417"},{"key":"keyboard","value":"{\"one_time\":false,\"buttons\":[[{\"action\":{\"type\":\"text\",\"payload\":\"{\\\"command\\\":\\\"cases_strange1\\\"}\",\"label\":\"\ud83d\udd12 \u041e\u0442\u043a\u0440\u044b\u0442\u044c 1 \ud83e\uddea \u0421\u0442\u0440\u0430\u043d\u043d\u044b\u0439 \u043a\u043b\u044e\u0447\"},\"color\":\"default\"}],[{\"action\":{\"type\":\"text\",\"payload\":\"{\\\"command\\\":\\\"cases_strange50\\\"}\",\"label\":\"\ud83d\udd12 \u041e\u0442\u043a\u0440\u044b\u0442\u044c 50 \ud83e\uddea \u0421\u0442\u0440\u0430\u043d\u043d\u044b\u0445 \u043a\u043b\u044e\u0447\u0435\u0439\"},\"color\":\"default\"}],[{\"action\":{\"type\":\"text\",\"payload\":\"{\\\"command\\\":\\\"cases_strange500\\\"}\",\"label\":\"\ud83d\udd12 \u041e\u0442\u043a\u0440\u044b\u0442\u044c 500 \ud83e\uddea \u0421\u0442\u0440\u0430\u043d\u043d\u044b\u0445 \u043a\u043b\u044e\u0447\u0435\u0439\"},\"color\":\"default\"}],[{\"action\":{\"type\":\"text\",\"payload\":\"{\\\"command\\\":\\\"cases\\\"}\",\"label\":\"\u041d\u0430\u0437\u0430\u0434\"},\"color\":\"positive\"}],[{\"action\":{\"type\":\"text\",\"payload\":\"{\\\"command\\\":\\\"menu\\\"}\",\"label\":\"\u041c\u0435\u043d\u044e\"},\"color\":\"primary\"}]],\"inline\":false}"},{"key":"v","value":"5.103"},{"key":"random_id","value":"-388095207"}]}}
[Exception]: код ошибки: 914
[Exception]: файл: /storage/ssd4/477/13772477/public_html/simplevk-master/src/vk_api.php:223
[Exception]: путь ошибки: #0 /storage/ssd4/477/13772477/public_html/simplevk-master/src/vk_api.php(420): DigitalStar\vk_api\vk_api->request('messages.send', Array)
#1 /storage/ssd4/477/13772477/public_html/bot.php(2742): DigitalStar\vk_api\vk_api->sendButton(376299417, ' \xE2\x9C\x85 @id3762994...', Array)
#2 {main}
[Exception]: возникла ошибка:
[Exception]: текст: {"error":{"error_code":914,"error_msg":"Message is too long","request_params":[{"key":"method","value":"messages.send"},{"key":"oauth","value":"1"},{"key":"peer_id","value":"376299417"},{"key":"keyboard","value":"{\"one_time\":false,\"buttons\":[[{\"action\":{\"type\":\"text\",\"payload\":\"{\\\"command\\\":\\\"cases_strange1\\\"}\",\"label\":\"\ud83d\udd12 \u041e\u0442\u043a\u0440\u044b\u0442\u044c 1 \ud83e\uddea \u0421\u0442\u0440\u0430\u043d\u043d\u044b\u0439 \u043a\u043b\u044e\u0447\"},\"color\":\"default\"}],[{\"action\":{\"type\":\"text\",\"payload\":\"{\\\"command\\\":\\\"cases_strange50\\\"}\",\"label\":\"\ud83d\udd12 \u041e\u0442\u043a\u0440\u044b\u0442\u044c 50 \ud83e\uddea \u0421\u0442\u0440\u0430\u043d\u043d\u044b\u0445 \u043a\u043b\u044e\u0447\u0435\u0439\"},\"color\":\"default\"}],[{\"action\":{\"type\":\"text\",\"payload\":\"{\\\"command\\\":\\\"cases_strange500\\\"}\",\"label\":\"\ud83d\udd12 \u041e\u0442\u043a\u0440\u044b\u0442\u044c 500 \ud83e\uddea \u0421\u0442\u0440\u0430\u043d\u043d\u044b\u0445 \u043a\u043b\u044e\u0447\u0435\u0439\"},\"color\":\"default\"}],[{\"action\":{\"type\":\"text\",\"payload\":\"{\\\"command\\\":\\\"cases\\\"}\",\"label\":\"\u041d\u0430\u0437\u0430\u0434\"},\"color\":\"positive\"}],[{\"action\":{\"type\":\"text\",\"payload\":\"{\\\"command\\\":\\\"menu\\\"}\",\"label\":\"\u041c\u0435\u043d\u044e\"},\"color\":\"primary\"}]],\"inline\":false}"},{"key":"v","value":"5.103"},{"key":"random_id","value":"1323175613"}]}}
[Exception]: код ошибки: 914
[Exception]: файл: /storage/ssd4/477/13772477/public_html/simplevk-master/src/vk_api.php:223
[Exception]: путь ошибки: #0 /storage/ssd4/477/13772477/public_html/simplevk-master/src/vk_api.php(420): DigitalStar\vk_api\vk_api->request('messages.send', Array)
#1 /storage/ssd4/477/13772477/public_html/bot.php(2742): DigitalStar\vk_api\vk_api->sendButton(376299417, ' \xE2\x9C\x85 @id3762994...', Array)
#2 {main}
[Exception]: возникла ошибка:
[Exception]: текст: {"error":{"error_code":914,"error_msg":"Message is too long","request_params":[{"key":"method","value":"messages.send"},{"key":"oauth","value":"1"},{"key":"peer_id","value":"376299417"},{"key":"keyboard","value":"{\"one_time\":false,\"buttons\":[[{\"action\":{\"type\":\"text\",\"payload\":\"{\\\"command\\\":\\\"cases_strange1\\\"}\",\"label\":\"\ud83d\udd12 \u041e\u0442\u043a\u0440\u044b\u0442\u044c 1 \ud83e\uddea \u0421\u0442\u0440\u0430\u043d\u043d\u044b\u0439 \u043a\u043b\u044e\u0447\"},\"color\":\"default\"}],[{\"action\":{\"type\":\"text\",\"payload\":\"{\\\"command\\\":\\\"cases_strange50\\\"}\",\"label\":\"\ud83d\udd12 \u041e\u0442\u043a\u0440\u044b\u0442\u044c 50 \ud83e\uddea \u0421\u0442\u0440\u0430\u043d\u043d\u044b\u0445 \u043a\u043b\u044e\u0447\u0435\u0439\"},\"color\":\"default\"}],[{\"action\":{\"type\":\"text\",\"payload\":\"{\\\"command\\\":\\\"cases_strange500\\\"}\",\"label\":\"\ud83d\udd12 \u041e\u0442\u043a\u0440\u044b\u0442\u044c 500 \ud83e\uddea \u0421\u0442\u0440\u0430\u043d\u043d\u044b\u0445 \u043a\u043b\u044e\u0447\u0435\u0439\"},\"color\":\"default\"}],[{\"action\":{\"type\":\"text\",\"payload\":\"{\\\"command\\\":\\\"cases\\\"}\",\"label\":\"\u041d\u0430\u0437\u0430\u0434\"},\"color\":\"positive\"}],[{\"action\":{\"type\":\"text\",\"payload\":\"{\\\"command\\\":\\\"menu\\\"}\",\"label\":\"\u041c\u0435\u043d\u044e\"},\"color\":\"primary\"}]],\"inline\":false}"},{"key":"v","value":"5.103"},{"key":"random_id","value":"240395953"}]}}
[Exception]: код ошибки: 914
[Exception]: файл: /storage/ssd4/477/13772477/public_html/simplevk-master/src/vk_api.php:223
[Exception]: путь ошибки: #0 /storage/ssd4/477/13772477/public_html/simplevk-master/src/vk_api.php(420): DigitalStar\vk_api\vk_api->request('messages.send', Array)
#1 /storage/ssd4/477/13772477/public_html/bot.php(2749): DigitalStar\vk_api\vk_api->sendButton(376299417, ' \xE2\x9C\x85 @id3762994...', Array)
#2 {main}
